<?xml version="1.0" encoding="UTF-8"?>
<!-- Generated by org.testng.reporters.JUnitXMLReporter -->
<testsuite hostname="Milans-MacBook.local" name="Test" tests="2" failures="1" timestamp="17 Sep 2019 12:40:49 GMT" time="144.724" errors="0">
  <testcase name="feature" time="46.238" classname="CucumberOptions.TestRunner">
    <failure type="cucumber.runtime.CucumberException" message="java.lang.NoClassDefFoundError: org/junit/Assert">
      <![CDATA[cucumber.runtime.CucumberException: java.lang.NoClassDefFoundError: org/junit/Assert
	at cucumber.api.testng.TestNGCucumberRunner.runCucumber(TestNGCucumberRunner.java:69)
	at cucumber.api.testng.AbstractTestNGCucumberTests.feature(AbstractTestNGCucumberTests.java:21)
Caused by: java.lang.NoClassDefFoundError: org/junit/Assert
	at StepDefinition.BlogStepDefination.open_blog_page(BlogStepDefination.java:49)
	at âœ½.Then Open Blog Page(Blog.feature:6)
Caused by: java.lang.ClassNotFoundException: org.junit.Assert
	at java.net.URLClassLoader.findClass(URLClassLoader.java:381)
	at java.lang.ClassLoader.loadClass(ClassLoader.java:424)
	at sun.misc.Launcher$AppClassLoader.loadClass(Launcher.java:338)
	at java.lang.ClassLoader.loadClass(ClassLoader.java:357)
	at StepDefinition.BlogStepDefination.open_blog_page(BlogStepDefination.java:49)
	at cucumber.runtime.Utils$1.call(Utils.java:40)
	at cucumber.runtime.Timeout.timeout(Timeout.java:16)
	at cucumber.runtime.Utils.invoke(Utils.java:34)
	at cucumber.runtime.java.JavaStepDefinition.execute(JavaStepDefinition.java:38)
	at cucumber.runtime.StepDefinitionMatch.runStep(StepDefinitionMatch.java:37)
	at cucumber.runtime.Runtime.runStep(Runtime.java:300)
	at cucumber.runtime.model.StepContainer.runStep(StepContainer.java:44)
	at cucumber.runtime.model.StepContainer.runSteps(StepContainer.java:39)
	at cucumber.runtime.model.CucumberScenario.run(CucumberScenario.java:44)
	at cucumber.runtime.model.CucumberFeature.run(CucumberFeature.java:165)
	at cucumber.api.testng.TestNGCucumberRunner.runCucumber(TestNGCucumberRunner.java:63)
	at cucumber.api.testng.AbstractTestNGCucumberTests.feature(AbstractTestNGCucumberTests.java:21)
... Removed 60 stack frames]]>
    </failure>
  </testcase> <!-- feature -->
  <testcase name="feature" time="98.097" classname="CucumberOptions.TestRunner"/>
</testsuite> <!-- Test -->
